2025-07-19 18:52:50.680  INFO 6 - [       main] c.epam.healenium.Application     : Starting Application v3.4.8 using Java 23.0.2 with PID 6 (/healenium-backend.jar started by root in /) 
2025-07-19 18:52:50.692  INFO 6 - [       main] c.epam.healenium.Application     : No active profile set, falling back to 1 default profile: "default" 
2025-07-19 18:52:53.931  INFO 6 - [       main] .RepositoryConfigurationDelegate : Bootstrapping Spring Data JPA repositories in DEFAULT mode. 
2025-07-19 18:52:54.330  INFO 6 - [       main] .RepositoryConfigurationDelegate : Finished Spring Data repository scanning in 384 ms. Found 4 JPA repository interfaces. 
2025-07-19 18:52:56.680  INFO 6 - [       main] o.s.b.w.e.t.TomcatWebServer      : Tomcat initialized with port 7878 (http) 
2025-07-19 18:52:56.715  INFO 6 - [       main] o.a.c.core.StandardService       : Starting service [Tomcat] 
2025-07-19 18:52:56.716  INFO 6 - [       main] o.a.c.core.StandardEngine        : Starting Servlet engine: [Apache Tomcat/10.1.40] 
2025-07-19 18:52:56.801  INFO 6 - [       main] o.a.c.c.C.[.[localhost].[/]      : Initializing Spring embedded WebApplicationContext 
2025-07-19 18:52:56.802  INFO 6 - [       main] rvletWebServerApplicationContext : Root WebApplicationContext: initialization completed in 5910 ms 
2025-07-19 18:52:57.444  INFO 6 - [       main] c.z.hikari.HikariDataSource      : HikariPool-1 - Starting... 
2025-07-19 18:52:57.689  INFO 6 - [       main] c.z.hikari.HikariDataSource      : HikariPool-1 - Start completed. 
2025-07-19 18:52:57.852  INFO 6 - [       main] liquibase.database               : Set default schema name to healenium 
2025-07-19 18:52:58.954  INFO 6 - [       main] liquibase.changelog              : Creating database history table with name: healenium.databasechangelog 
2025-07-19 18:52:59.017  INFO 6 - [       main] liquibase.changelog              : Reading from healenium.databasechangelog 
2025-07-19 18:52:59.193  INFO 6 - [       main] liquibase.lockservice            : Successfully acquired change log lock 
2025-07-19 18:52:59.198  INFO 6 - [       main] liquibase.command                : Using deploymentId: 2940379197 
2025-07-19 18:52:59.201  INFO 6 - [       main] liquibase.changelog              : Reading from healenium.databasechangelog 
2025-07-19 18:52:59.259  INFO 6 - [       main] liquibase.ui                     : Running Changeset: changelog/001_createSequence.xml::3::nkobzev 
2025-07-19 18:52:59.271  INFO 6 - [       main] liquibase.changelog              : Sequence healing_result_seq created 
2025-07-19 18:52:59.273  INFO 6 - [       main] liquibase.changelog              : ChangeSet changelog/001_createSequence.xml::3::nkobzev ran successfully in 11ms 
2025-07-19 18:52:59.287  INFO 6 - [       main] liquibase.ui                     : Running Changeset: changelog/002_selector.xml::5::nkobzev 
2025-07-19 18:52:59.295  INFO 6 - [       main] liquibase.changelog              : Table SELECTOR created 
2025-07-19 18:52:59.296  INFO 6 - [       main] liquibase.changelog              : ChangeSet changelog/002_selector.xml::5::nkobzev ran successfully in 9ms 
2025-07-19 18:52:59.311  INFO 6 - [       main] liquibase.ui                     : Running Changeset: changelog/002_selector.xml::6::nkobzev 
2025-07-19 18:52:59.354  INFO 6 - [       main] liquibase.changelog              : Index SELECTOR_PK created 
2025-07-19 18:52:59.355  INFO 6 - [       main] liquibase.changelog              : ChangeSet changelog/002_selector.xml::6::nkobzev ran successfully in 43ms 
2025-07-19 18:52:59.363  INFO 6 - [       main] liquibase.ui                     : Running Changeset: changelog/003_healing.xml::7::nkobzev 
2025-07-19 18:52:59.372  INFO 6 - [       main] liquibase.changelog              : Table HEALING created 
2025-07-19 18:52:59.372  INFO 6 - [       main] liquibase.changelog              : ChangeSet changelog/003_healing.xml::7::nkobzev ran successfully in 8ms 
2025-07-19 18:52:59.379  INFO 6 - [       main] liquibase.ui                     : Running Changeset: changelog/003_healing.xml::8::nkobzev 
2025-07-19 18:52:59.397  INFO 6 - [       main] liquibase.changelog              : Index HEALING_PK created 
2025-07-19 18:52:59.407  INFO 6 - [       main] liquibase.changelog              : Foreign key constraint added to HEALING (SELECTOR_ID) 
2025-07-19 18:52:59.409  INFO 6 - [       main] liquibase.changelog              : ChangeSet changelog/003_healing.xml::8::nkobzev ran successfully in 29ms 
2025-07-19 18:52:59.417  INFO 6 - [       main] liquibase.ui                     : Running Changeset: changelog/004_healingResult.xml::9::nkobzev 
2025-07-19 18:52:59.432  INFO 6 - [       main] liquibase.changelog              : Table HEALING_RESULT created 
2025-07-19 18:52:59.433  INFO 6 - [       main] liquibase.changelog              : ChangeSet changelog/004_healingResult.xml::9::nkobzev ran successfully in 13ms 
2025-07-19 18:52:59.442  INFO 6 - [       main] liquibase.ui                     : Running Changeset: changelog/004_healingResult.xml::10::nkobzev 
2025-07-19 18:52:59.469  INFO 6 - [       main] liquibase.changelog              : Index HEALING_RESULT_PK created 
2025-07-19 18:52:59.473  INFO 6 - [       main] liquibase.changelog              : Foreign key constraint added to HEALING_RESULT (HEALING_ID) 
2025-07-19 18:52:59.474  INFO 6 - [       main] liquibase.changelog              : ChangeSet changelog/004_healingResult.xml::10::nkobzev ran successfully in 30ms 
2025-07-19 18:52:59.488  INFO 6 - [       main] liquibase.ui                     : Running Changeset: changelog/005_report.xml::11::nkobzev 
2025-07-19 18:52:59.499  INFO 6 - [       main] liquibase.changelog              : Table REPORT created 
2025-07-19 18:52:59.500  INFO 6 - [       main] liquibase.changelog              : ChangeSet changelog/005_report.xml::11::nkobzev ran successfully in 12ms 
2025-07-19 18:52:59.506  INFO 6 - [       main] liquibase.ui                     : Running Changeset: changelog/005_report.xml::12::nkobzev 
2025-07-19 18:52:59.525  INFO 6 - [       main] liquibase.changelog              : Index REPORT_PK created 
2025-07-19 18:52:59.525  INFO 6 - [       main] liquibase.changelog              : ChangeSet changelog/005_report.xml::12::nkobzev ran successfully in 17ms 
2025-07-19 18:52:59.529  INFO 6 - [       main] liquibase.ui                     : Running Changeset: changelog/006_command_and_healingenable_column.xml::13::nkobzev 
2025-07-19 18:52:59.553  INFO 6 - [       main] liquibase.changelog              : Columns COMMAND(VARCHAR(264)),ENABLE_HEALING(BOOLEAN) added to SELECTOR 
2025-07-19 18:52:59.555  INFO 6 - [       main] liquibase.changelog              : ChangeSet changelog/006_command_and_healingenable_column.xml::13::nkobzev ran successfully in 24ms 
2025-07-19 18:52:59.567  INFO 6 - [       main] liquibase.util                   : UPDATE SUMMARY 
2025-07-19 18:52:59.568  INFO 6 - [       main] liquibase.util                   : Run:                         10 
2025-07-19 18:52:59.568  INFO 6 - [       main] liquibase.util                   : Previously run:               0 
2025-07-19 18:52:59.568  INFO 6 - [       main] liquibase.util                   : Filtered out:                 0 
2025-07-19 18:52:59.568  INFO 6 - [       main] liquibase.util                   : ------------------------------- 
2025-07-19 18:52:59.568  INFO 6 - [       main] liquibase.util                   : Total change sets:           10 
2025-07-19 18:52:59.568  INFO 6 - [       main] liquibase.util                   : Update summary generated 
2025-07-19 18:52:59.572  INFO 6 - [       main] liquibase.command                : Update command completed successfully. 
2025-07-19 18:52:59.572  INFO 6 - [       main] liquibase.ui                     : Liquibase: Update has been successful. Rows affected: 10 
2025-07-19 18:52:59.578  INFO 6 - [       main] liquibase.lockservice            : Successfully released change log lock 
2025-07-19 18:52:59.579  INFO 6 - [       main] liquibase.command                : Command execution complete 
2025-07-19 18:52:59.845  INFO 6 - [       main] o.h.j.internal.util.LogHelper    : HHH000204: Processing PersistenceUnitInfo [name: default] 
2025-07-19 18:52:59.959  INFO 6 - [       main] org.hibernate.Version            : HHH000412: Hibernate ORM core version 6.5.3.Final 
2025-07-19 18:53:00.035  INFO 6 - [       main] o.h.c.i.RegionFactoryInitiator   : HHH000026: Second-level cache disabled 
2025-07-19 18:53:00.785  INFO 6 - [       main] .o.j.p.SpringPersistenceUnitInfo : No LoadTimeWeaver setup: ignoring JPA class transformer 
2025-07-19 18:53:00.815  WARN 6 - [       main] org.hibernate.orm.deprecation    : HHH90000021: Encountered deprecated setting [hibernate.temp.use_jdbc_metadata_defaults], use [hibernate.boot.allow_jdbc_metadata_access] instead 
2025-07-19 18:53:00.849  WARN 6 - [       main] org.hibernate.orm.deprecation    : HHH90000025: PostgreSQLDialect does not need to be specified explicitly using 'hibernate.dialect' (remove the property setting and it will be selected by default) 
2025-07-19 18:53:03.692  WARN 6 - [       main] o.h.m.internal.MetadataContext   : HHH015011: Unable to locate static metamodel field : com.epam.healenium.model.domain.Selector_#nodePathWrapper; this may or may not indicate a problem with the static metamodel 
2025-07-19 18:53:03.720  INFO 6 - [       main] h.e.t.j.p.i.JtaPlatformInitiator : HHH000489: No JTA platform available (set 'hibernate.transaction.jta.platform' to enable JTA platform integration) 
2025-07-19 18:53:03.729  INFO 6 - [       main] ontainerEntityManagerFactoryBean : Initialized JPA EntityManagerFactory for persistence unit 'default' 
2025-07-19 18:53:04.764  INFO 6 - [       main] o.s.d.j.r.q.QueryEnhancerFactory : Hibernate is in classpath; If applicable, HQL parser will be used. 
2025-07-19 18:53:06.663  INFO 6 - [       main] .a.w.s.WelcomePageHandlerMapping : Adding welcome page template: index 
2025-07-19 18:53:08.983  INFO 6 - [       main] .s.b.a.e.w.EndpointLinksResolver : Exposing 1 endpoint beneath base path '/actuator' 
2025-07-19 18:53:09.615  INFO 6 - [       main] o.s.b.w.e.t.TomcatWebServer      : Tomcat started on port 7878 (http) with context path '/' 
2025-07-19 18:53:09.819  INFO 6 - [       main] c.epam.healenium.Application     : Started Application in 20.531 seconds (process running for 22.277) 
2025-07-19 18:53:11.671  INFO 6 - [7878-exec-1] o.a.c.c.C.[.[localhost].[/]      : Initializing Spring DispatcherServlet 'dispatcherServlet' 
2025-07-19 18:53:11.678  INFO 6 - [7878-exec-1] o.s.w.s.DispatcherServlet        : Initializing Servlet 'dispatcherServlet' 
2025-07-19 18:53:11.682  INFO 6 - [7878-exec-1] o.s.w.s.DispatcherServlet        : Completed initialization in 3 ms 
2025-07-19 18:53:49.900  INFO 6 - [7878-exec-8] healenium                        : [Save Elements] Request: By.cssSelector([name="q"]) 
2025-07-19 18:58:28.621  INFO 6 - [7878-exec-3] healenium                        : [Save Elements] Request: By.cssSelector([name="q"]) 
2025-07-19 19:01:14.980  INFO 6 - [7878-exec-2] healenium                        : [Save Elements] Request: By.cssSelector([name="q"]) 
2025-07-19 19:03:59.331  INFO 6 - [7878-exec-8] healenium                        : [Save Elements] Request: By.cssSelector([name="q"]) 
2025-07-19 19:08:17.469  INFO 7 - [       main] c.epam.healenium.Application     : Starting Application v3.4.8 using Java 23.0.2 with PID 7 (/healenium-backend.jar started by root in /) 
2025-07-19 19:08:17.475  INFO 7 - [       main] c.epam.healenium.Application     : No active profile set, falling back to 1 default profile: "default" 
2025-07-19 19:08:20.814  INFO 7 - [       main] .RepositoryConfigurationDelegate : Bootstrapping Spring Data JPA repositories in DEFAULT mode. 
2025-07-19 19:08:21.238  INFO 7 - [       main] .RepositoryConfigurationDelegate : Finished Spring Data repository scanning in 409 ms. Found 4 JPA repository interfaces. 
2025-07-19 19:08:23.592  INFO 7 - [       main] o.s.b.w.e.t.TomcatWebServer      : Tomcat initialized with port 7878 (http) 
2025-07-19 19:08:23.627  INFO 7 - [       main] o.a.c.core.StandardService       : Starting service [Tomcat] 
2025-07-19 19:08:23.627  INFO 7 - [       main] o.a.c.core.StandardEngine        : Starting Servlet engine: [Apache Tomcat/10.1.40] 
2025-07-19 19:08:23.699  INFO 7 - [       main] o.a.c.c.C.[.[localhost].[/]      : Initializing Spring embedded WebApplicationContext 
2025-07-19 19:08:23.700  INFO 7 - [       main] rvletWebServerApplicationContext : Root WebApplicationContext: initialization completed in 6004 ms 
2025-07-19 19:08:24.606  INFO 7 - [       main] c.z.hikari.HikariDataSource      : HikariPool-1 - Starting... 
2025-07-19 19:08:24.845  INFO 7 - [       main] c.z.hikari.HikariDataSource      : HikariPool-1 - Start completed. 
2025-07-19 19:08:24.997  INFO 7 - [       main] liquibase.database               : Set default schema name to healenium 
2025-07-19 19:08:26.113  INFO 7 - [       main] liquibase.changelog              : Creating database history table with name: healenium.databasechangelog 
2025-07-19 19:08:26.173  INFO 7 - [       main] liquibase.changelog              : Reading from healenium.databasechangelog 
2025-07-19 19:08:26.365  INFO 7 - [       main] liquibase.lockservice            : Successfully acquired change log lock 
2025-07-19 19:08:26.371  INFO 7 - [       main] liquibase.command                : Using deploymentId: 2941306370 
2025-07-19 19:08:26.373  INFO 7 - [       main] liquibase.changelog              : Reading from healenium.databasechangelog 
2025-07-19 19:08:26.432  INFO 7 - [       main] liquibase.ui                     : Running Changeset: changelog/001_createSequence.xml::3::nkobzev 
2025-07-19 19:08:26.439  INFO 7 - [       main] liquibase.changelog              : Sequence healing_result_seq created 
2025-07-19 19:08:26.445  INFO 7 - [       main] liquibase.changelog              : ChangeSet changelog/001_createSequence.xml::3::nkobzev ran successfully in 11ms 
2025-07-19 19:08:26.462  INFO 7 - [       main] liquibase.ui                     : Running Changeset: changelog/002_selector.xml::5::nkobzev 
2025-07-19 19:08:26.473  INFO 7 - [       main] liquibase.changelog              : Table SELECTOR created 
2025-07-19 19:08:26.474  INFO 7 - [       main] liquibase.changelog              : ChangeSet changelog/002_selector.xml::5::nkobzev ran successfully in 10ms 
2025-07-19 19:08:26.487  INFO 7 - [       main] liquibase.ui                     : Running Changeset: changelog/002_selector.xml::6::nkobzev 
2025-07-19 19:08:26.548  INFO 7 - [       main] liquibase.changelog              : Index SELECTOR_PK created 
2025-07-19 19:08:26.549  INFO 7 - [       main] liquibase.changelog              : ChangeSet changelog/002_selector.xml::6::nkobzev ran successfully in 62ms 
2025-07-19 19:08:26.556  INFO 7 - [       main] liquibase.ui                     : Running Changeset: changelog/003_healing.xml::7::nkobzev 
2025-07-19 19:08:26.565  INFO 7 - [       main] liquibase.changelog              : Table HEALING created 
2025-07-19 19:08:26.566  INFO 7 - [       main] liquibase.changelog              : ChangeSet changelog/003_healing.xml::7::nkobzev ran successfully in 9ms 
2025-07-19 19:08:26.570  INFO 7 - [       main] liquibase.ui                     : Running Changeset: changelog/003_healing.xml::8::nkobzev 
2025-07-19 19:08:26.586  INFO 7 - [       main] liquibase.changelog              : Index HEALING_PK created 
2025-07-19 19:08:26.599  INFO 7 - [       main] liquibase.changelog              : Foreign key constraint added to HEALING (SELECTOR_ID) 
2025-07-19 19:08:26.601  INFO 7 - [       main] liquibase.changelog              : ChangeSet changelog/003_healing.xml::8::nkobzev ran successfully in 29ms 
2025-07-19 19:08:26.630  INFO 7 - [       main] liquibase.ui                     : Running Changeset: changelog/004_healingResult.xml::9::nkobzev 
2025-07-19 19:08:26.645  INFO 7 - [       main] liquibase.changelog              : Table HEALING_RESULT created 
2025-07-19 19:08:26.646  INFO 7 - [       main] liquibase.changelog              : ChangeSet changelog/004_healingResult.xml::9::nkobzev ran successfully in 13ms 
2025-07-19 19:08:26.654  INFO 7 - [       main] liquibase.ui                     : Running Changeset: changelog/004_healingResult.xml::10::nkobzev 
2025-07-19 19:08:26.683  INFO 7 - [       main] liquibase.changelog              : Index HEALING_RESULT_PK created 
2025-07-19 19:08:26.685  INFO 7 - [       main] liquibase.changelog              : Foreign key constraint added to HEALING_RESULT (HEALING_ID) 
2025-07-19 19:08:26.688  INFO 7 - [       main] liquibase.changelog              : ChangeSet changelog/004_healingResult.xml::10::nkobzev ran successfully in 32ms 
2025-07-19 19:08:26.696  INFO 7 - [       main] liquibase.ui                     : Running Changeset: changelog/005_report.xml::11::nkobzev 
2025-07-19 19:08:26.704  INFO 7 - [       main] liquibase.changelog              : Table REPORT created 
2025-07-19 19:08:26.705  INFO 7 - [       main] liquibase.changelog              : ChangeSet changelog/005_report.xml::11::nkobzev ran successfully in 8ms 
2025-07-19 19:08:26.709  INFO 7 - [       main] liquibase.ui                     : Running Changeset: changelog/005_report.xml::12::nkobzev 
2025-07-19 19:08:26.732  INFO 7 - [       main] liquibase.changelog              : Index REPORT_PK created 
2025-07-19 19:08:26.733  INFO 7 - [       main] liquibase.changelog              : ChangeSet changelog/005_report.xml::12::nkobzev ran successfully in 22ms 
2025-07-19 19:08:26.739  INFO 7 - [       main] liquibase.ui                     : Running Changeset: changelog/006_command_and_healingenable_column.xml::13::nkobzev 
2025-07-19 19:08:26.743  INFO 7 - [       main] liquibase.changelog              : Columns COMMAND(VARCHAR(264)),ENABLE_HEALING(BOOLEAN) added to SELECTOR 
2025-07-19 19:08:26.744  INFO 7 - [       main] liquibase.changelog              : ChangeSet changelog/006_command_and_healingenable_column.xml::13::nkobzev ran successfully in 5ms 
2025-07-19 19:08:26.758  INFO 7 - [       main] liquibase.util                   : UPDATE SUMMARY 
2025-07-19 19:08:26.759  INFO 7 - [       main] liquibase.util                   : Run:                         10 
2025-07-19 19:08:26.759  INFO 7 - [       main] liquibase.util                   : Previously run:               0 
2025-07-19 19:08:26.759  INFO 7 - [       main] liquibase.util                   : Filtered out:                 0 
2025-07-19 19:08:26.759  INFO 7 - [       main] liquibase.util                   : ------------------------------- 
2025-07-19 19:08:26.759  INFO 7 - [       main] liquibase.util                   : Total change sets:           10 
2025-07-19 19:08:26.760  INFO 7 - [       main] liquibase.util                   : Update summary generated 
2025-07-19 19:08:26.762  INFO 7 - [       main] liquibase.command                : Update command completed successfully. 
2025-07-19 19:08:26.763  INFO 7 - [       main] liquibase.ui                     : Liquibase: Update has been successful. Rows affected: 10 
2025-07-19 19:08:26.768  INFO 7 - [       main] liquibase.lockservice            : Successfully released change log lock 
2025-07-19 19:08:26.770  INFO 7 - [       main] liquibase.command                : Command execution complete 
2025-07-19 19:08:27.074  INFO 7 - [       main] o.h.j.internal.util.LogHelper    : HHH000204: Processing PersistenceUnitInfo [name: default] 
2025-07-19 19:08:27.214  INFO 7 - [       main] org.hibernate.Version            : HHH000412: Hibernate ORM core version 6.5.3.Final 
2025-07-19 19:08:27.290  INFO 7 - [       main] o.h.c.i.RegionFactoryInitiator   : HHH000026: Second-level cache disabled 
2025-07-19 19:08:28.011  INFO 7 - [       main] .o.j.p.SpringPersistenceUnitInfo : No LoadTimeWeaver setup: ignoring JPA class transformer 
2025-07-19 19:08:28.036  WARN 7 - [       main] org.hibernate.orm.deprecation    : HHH90000021: Encountered deprecated setting [hibernate.temp.use_jdbc_metadata_defaults], use [hibernate.boot.allow_jdbc_metadata_access] instead 
2025-07-19 19:08:28.061  WARN 7 - [       main] org.hibernate.orm.deprecation    : HHH90000025: PostgreSQLDialect does not need to be specified explicitly using 'hibernate.dialect' (remove the property setting and it will be selected by default) 
2025-07-19 19:08:30.786  WARN 7 - [       main] o.h.m.internal.MetadataContext   : HHH015011: Unable to locate static metamodel field : com.epam.healenium.model.domain.Selector_#nodePathWrapper; this may or may not indicate a problem with the static metamodel 
2025-07-19 19:08:30.805  INFO 7 - [       main] h.e.t.j.p.i.JtaPlatformInitiator : HHH000489: No JTA platform available (set 'hibernate.transaction.jta.platform' to enable JTA platform integration) 
2025-07-19 19:08:30.813  INFO 7 - [       main] ontainerEntityManagerFactoryBean : Initialized JPA EntityManagerFactory for persistence unit 'default' 
2025-07-19 19:08:31.850  INFO 7 - [       main] o.s.d.j.r.q.QueryEnhancerFactory : Hibernate is in classpath; If applicable, HQL parser will be used. 
2025-07-19 19:08:33.784  INFO 7 - [       main] .a.w.s.WelcomePageHandlerMapping : Adding welcome page template: index 
2025-07-19 19:08:35.086  INFO 7 - [       main] .s.b.a.e.w.EndpointLinksResolver : Exposing 1 endpoint beneath base path '/actuator' 
2025-07-19 19:08:35.600  INFO 7 - [       main] o.s.b.w.e.t.TomcatWebServer      : Tomcat started on port 7878 (http) with context path '/' 
2025-07-19 19:08:35.783  INFO 7 - [       main] c.epam.healenium.Application     : Started Application in 19.717 seconds (process running for 21.552) 
2025-07-19 19:09:12.203  INFO 7 - [7878-exec-1] o.a.c.c.C.[.[localhost].[/]      : Initializing Spring DispatcherServlet 'dispatcherServlet' 
2025-07-19 19:09:12.204  INFO 7 - [7878-exec-1] o.s.w.s.DispatcherServlet        : Initializing Servlet 'dispatcherServlet' 
2025-07-19 19:09:12.206  INFO 7 - [7878-exec-1] o.s.w.s.DispatcherServlet        : Completed initialization in 1 ms 
2025-07-19 19:10:48.141  INFO 7 - [7878-exec-9] healenium                        : [Save Elements] Request: By.cssSelector([name="q"]) 
2025-07-19 19:11:31.425  INFO 7 - [7878-exec-5] healenium                        : [Save Elements] Request: By.cssSelector([name="q"]) 
